c:\users\fryderyk\projects\labcpp\labcpp\debug\vc141.pdb
c:\users\fryderyk\projects\labcpp\labcpp\debug\vc141.idb
c:\users\fryderyk\projects\labcpp\labcpp\debug\pracownik.obj
c:\users\fryderyk\projects\labcpp\labcpp\debug\napis.obj
c:\users\fryderyk\projects\labcpp\labcpp\debug\listapracownikow.obj
c:\users\fryderyk\projects\labcpp\labcpp\debug\kierownik.obj
c:\users\fryderyk\projects\labcpp\labcpp\debug\glowny.obj
c:\users\fryderyk\projects\labcpp\labcpp\debug\data.obj
c:\users\fryderyk\desktop\labcpp\labcpp\debug\vc141.pdb
c:\users\fryderyk\desktop\labcpp\labcpp\debug\vc141.idb
c:\users\fryderyk\desktop\labcpp\labcpp\debug\pracownik.obj
c:\users\fryderyk\desktop\labcpp\labcpp\debug\napis.obj
c:\users\fryderyk\desktop\labcpp\labcpp\debug\listapracownikow.obj
c:\users\fryderyk\desktop\labcpp\labcpp\debug\kierownik.obj
c:\users\fryderyk\desktop\labcpp\labcpp\debug\glowny.obj
c:\users\fryderyk\desktop\labcpp\labcpp\debug\data.obj
c:\users\fryderyk\desktop\labcpp\labcpp\debug\labcpp.exe
c:\users\fryderyk\desktop\labcpp\labcpp\debug\labcpp.ilk
c:\users\fryderyk\desktop\labcpp\labcpp\debug\labcpp.pdb
c:\users\fryderyk\projects\labcpp\labcpp\debug\labcpp.exe
c:\users\fryderyk\projects\labcpp\labcpp\debug\labcpp.ilk
c:\users\fryderyk\projects\labcpp\labcpp\debug\labcpp.pdb
c:\users\fryderyk\projects\labcpp\labcpp\debug\labcpp.tlog\cl.command.1.tlog
c:\users\fryderyk\projects\labcpp\labcpp\debug\labcpp.tlog\cl.read.1.tlog
c:\users\fryderyk\projects\labcpp\labcpp\debug\labcpp.tlog\cl.write.1.tlog
c:\users\fryderyk\projects\labcpp\labcpp\debug\labcpp.tlog\link.command.1.tlog
c:\users\fryderyk\projects\labcpp\labcpp\debug\labcpp.tlog\link.read.1.tlog
c:\users\fryderyk\projects\labcpp\labcpp\debug\labcpp.tlog\link.write.1.tlog
